<?xml version="1.0" encoding="utf-8"?><testsuites name="pytest tests"><testsuite name="pytest" errors="0" failures="0" skipped="0" tests="22" time="2.931" timestamp="2026-07-07T23:48:03.147122+00:00" hostname="agent-env-34f67959-9251-4167-affb-6dd698347814"><testcase classname="tests.backend_test.TestAuth" name="test_login_bad" time="0.704" /><testcase classname="tests.backend_test.TestSeeded" name="test_list[operadoras]" time="0.709" /><testcase classname="tests.backend_test.TestSeeded" name="test_list[ipbxs]" time="0.055" /><testcase classname="tests.backend_test.TestSeeded" name="test_list[rotas]" time="0.274" /><testcase classname="tests.backend_test.TestAuth" name="test_login_ok" time="0.332" /><testcase classname="tests.backend_test.TestAuth" name="test_me" time="0.049" /><testcase classname="tests.backend_test.TestSeeded" name="test_list[acl]" time="0.094" /><testcase classname="tests.backend_test.TestAuth" name="test_me_without_cookie" time="0.104" /><testcase classname="tests.backend_test.TestSeeded" name="test_list[antifraud]" time="0.057" /><testcase classname="tests.backend_test.TestCDR" name="test_list" time="0.071" /><testcase classname="tests.backend_test.TestUsers" name="test_list" time="0.059" /><testcase classname="tests.backend_test.TestUsers" name="test_create_and_delete" time="0.489" /><testcase classname="tests.backend_test.TestCDR" name="test_filter" time="0.054" /><testcase classname="tests.backend_test.TestCDR" name="test_export_csv" time="0.053" /><testcase classname="tests.backend_test.TestDashboard" name="test_dashboard" time="0.298" /><testcase classname="tests.backend_test.TestOperadoraCRUD" name="test_full_cycle" time="0.337" /><testcase classname="tests.backend_test.TestUsers" name="test_cannot_delete_self" time="0.068" /><testcase classname="tests.backend_test.TestFreeswitch" name="test_config" time="0.067" /><testcase classname="tests.backend_test.TestFreeswitch" name="test_install_script" time="0.056" /><testcase classname="tests.backend_test.TestLogout" name="test_logout" time="0.440" /><testcase classname="tests.backend_test.TestACLCRUD" name="test_full_cycle" time="0.322" /><testcase classname="tests.backend_test.TestLiveChannels" name="test_list" time="0.055" /></testsuite></testsuites>