<?xml version="1.0" encoding="utf-8"?><testsuites name="pytest tests"><testsuite name="pytest" errors="0" failures="0" skipped="0" tests="32" time="3.285" timestamp="2026-07-08T00:20:00.290982+00:00" hostname="agent-env-34f67959-9251-4167-affb-6dd698347814"><testcase classname="tests.backend_test.TestCdrWebhook" name="test_webhook_answered" time="0.693" /><testcase classname="tests.backend_test.TestSeeded" name="test_list[operadoras]" time="0.671" /><testcase classname="tests.backend_test.TestSeeded" name="test_list[ipbxs]" time="0.055" /><testcase classname="tests.backend_test.TestCdrWebhook" name="test_webhook_no_answer" time="0.003" /><testcase classname="tests.backend_test.TestCdrWebhook" name="test_webhook_busy" time="0.056" /><testcase classname="tests.backend_test.TestSeeded" name="test_list[rotas]" time="0.095" /><testcase classname="tests.backend_test.TestCdrWebhook" name="test_webhook_no_answer_disposition" time="0.055" /><testcase classname="tests.backend_test.TestCdrWebhook" name="test_webhook_blocks_external" time="0.111" /><testcase classname="tests.backend_test.TestSeeded" name="test_list[acl]" time="0.057" /><testcase classname="tests.backend_test.TestSeeded" name="test_list[antifraud]" time="0.056" /><testcase classname="tests.backend_test.TestCdrWebhook" name="test_webhook_invalid_json" time="0.002" /><testcase classname="tests.backend_test.TestAuth" name="test_login_bad" time="0.375" /><testcase classname="tests.backend_test.TestCDR" name="test_list" time="0.078" /><testcase classname="tests.backend_test.TestCDR" name="test_filter" time="0.256" /><testcase classname="tests.backend_test.TestCDR" name="test_export_csv" time="0.073" /><testcase classname="tests.backend_test.TestAuth" name="test_login_ok" time="0.000" /><testcase classname="tests.backend_test.TestAuth" name="test_me" time="0.048" /><testcase classname="tests.backend_test.TestUsers" name="test_list" time="0.062" /><testcase classname="tests.backend_test.TestAuth" name="test_me_without_cookie" time="0.135" /><testcase classname="tests.backend_test.TestUsers" name="test_create_and_delete" time="0.405" /><testcase classname="tests.backend_test.TestFsStatus" name="test_status_shape" time="0.046" /><testcase classname="tests.backend_test.TestFsStatus" name="test_reload_disabled" time="0.226" /><testcase classname="tests.backend_test.TestFsStatus" name="test_status_requires_auth" time="0.108" /><testcase classname="tests.backend_test.TestUsers" name="test_cannot_delete_self" time="0.095" /><testcase classname="tests.backend_test.TestDashboard" name="test_dashboard" time="0.107" /><testcase classname="tests.backend_test.TestFreeswitch" name="test_config" time="0.062" /><testcase classname="tests.backend_test.TestFreeswitch" name="test_install_script" time="0.056" /><testcase classname="tests.backend_test.TestOperadoraCRUD" name="test_full_cycle" time="0.485" /><testcase classname="tests.backend_test.TestLiveChannels" name="test_list" time="0.096" /><testcase classname="tests.backend_test.TestLogout" name="test_logout" time="0.401" /><testcase classname="tests.backend_test.TestACLCRUD" name="test_full_cycle" time="0.098" /><testcase classname="tests.backend_test.TestLiveChannelsSourceSimulator" name="test_delete_returns_simulator" time="0.109" /></testsuite></testsuites>